<?xml version="1.0" encoding="UTF-8"?>
<testsuite name="libreplan.Libreplan Suite de Test" tests="3" failures="3" errors="0" time="0.195"><properties>
[...]
</properties><testcase name="Projet" time="0.185"><failure type="Cancelling due to failed test step" message="Cancelling due to failed test step"><![CDATA[<h3><b>Ajouter des projets Failed</b></h3><pre>[Valid HTTP Status Codes] Response status code:404 is not in acceptable list of status codes
</pre><hr/>]]></failure></testcase><testcase name="Calendrier" time="0.005"><failure type="Cancelling due to failed test step" message="Cancelling due to failed test step"><![CDATA[<h3><b>Ajouter des calendriers Failed</b></h3><pre>[Valid HTTP Status Codes] Response status code:404 is not in acceptable list of status codes
</pre><hr/>]]></failure></testcase><testcase name="Ressource" time="0.005"><failure type="Cancelling due to failed test step" message="Cancelling due to failed test step"><![CDATA[<h3><b>Ajouter des ressources Failed</b></h3><pre>[Valid HTTP Status Codes] Response status code:404 is not in acceptable list of status codes
</pre><hr/>]]></failure></testcase></testsuite>